<?xml version="1.0" encoding="UTF-8"?>
<!-- Generated by org.testng.reporters.JUnitReportReporter -->
<testsuite skipped="0" hostname="Working_Machine" name="com.epam.tat.test.Mail.MailEmpty" tests="1" failures="0" timestamp="31 мая 2018 20:11:05 GMT" time="23.626" errors="0">
  <testcase name="testEmptyEmail" time="23.626" classname="com.epam.tat.test.Mail.MailEmpty"/>
</testsuite> <!-- com.epam.tat.test.Mail.MailEmpty -->
