<?xml version="1.0" encoding="UTF-8"?>
<!-- Generated by org.testng.reporters.JUnitReportReporter -->
<testsuite skipped="0" hostname="Working_Machine" name="com.epam.tat.test.Mail.MailLogin" tests="1" failures="0" timestamp="31 мая 2018 20:11:06 GMT" time="27.432" errors="0">
  <testcase name="testSuccessfulLogin" time="27.432" classname="com.epam.tat.test.Mail.MailLogin"/>
</testsuite> <!-- com.epam.tat.test.Mail.MailLogin -->
