<?xml version="1.0" encoding="UTF-8"?>
<!-- Generated by org.testng.reporters.JUnitReportReporter -->
<testsuite skipped="0" hostname="Working_Machine" name="com.epam.tat.test.Mail.MailSendFull" tests="1" failures="0" timestamp="31 мая 2018 20:11:06 GMT" time="32.924" errors="0">
  <testcase name="FullMessage" time="32.924" classname="com.epam.tat.test.Mail.MailSendFull"/>
</testsuite> <!-- com.epam.tat.test.Mail.MailSendFull -->
