<?xml version="1.0" encoding="UTF-8"?>
<!-- Generated by org.testng.reporters.JUnitReportReporter -->
<testsuite skipped="0" hostname="Working_Machine" name="com.epam.tat.test.Cloud.InCloud" tests="2" failures="0" timestamp="12 апр 2018 08:12:31 GMT" time="13.879" errors="0">
  <testcase name="createFolder" time="11.972" classname="com.epam.tat.test.Cloud.InCloud"/>
  <testcase name="deleteFolder" time="1.907" classname="com.epam.tat.test.Cloud.InCloud"/>
</testsuite> <!-- com.epam.tat.test.Cloud.InCloud -->
