<?xml version="1.0" encoding="UTF-8"?>
<!-- Generated by org.testng.reporters.JUnitReportReporter -->
<testsuite skipped="0" hostname="Working_Machine" name="com.epam.tat.test.Cloud.WorkWithFiles" tests="3" failures="0" timestamp="12 апр 2018 08:12:31 GMT" time="20.413" errors="0">
  <testcase name="dragandDrop" time="2.737" classname="com.epam.tat.test.Cloud.WorkWithFiles"/>
  <testcase name="shareLing" time="4.226" classname="com.epam.tat.test.Cloud.WorkWithFiles"/>
  <testcase name="updFile" time="13.450" classname="com.epam.tat.test.Cloud.WorkWithFiles"/>
</testsuite> <!-- com.epam.tat.test.Cloud.WorkWithFiles -->
