<?xml version="1.0" encoding="UTF-8"?>
<!-- Generated by org.testng.reporters.JUnitReportReporter -->
<testsuite skipped="0" hostname="Working_Machine" name="com.epam.tat.test.Cloud.CloudLogin" tests="1" failures="0" timestamp="12 апр 2018 08:12:31 GMT" time="14.250" errors="0">
  <testcase name="sucessLogin" time="14.250" classname="com.epam.tat.test.Cloud.CloudLogin"/>
</testsuite> <!-- com.epam.tat.test.Cloud.CloudLoginin->
